<?xml version="1.0" encoding="UTF-8"?>
<!-- Generated by org.testng.reporters.JUnitReportReporter -->
<testsuite hostname="DTBLR01LP207" failures="0" tests="7" name="testcases.alerts_frame_windowns" time="43.731" errors="0" timestamp="2023-09-05T10:50:22 IST" skipped="2">
  <testcase classname="testcases.alerts_frame_windowns" name="alert" time="17.721">
    <skipped/>
  </testcase> <!-- alert -->
  <system-out>
    <![CDATA[New Test Startedalert]]>
  </system-out>
  <testcase classname="testcases.alerts_frame_windowns" name="alert" time="7.916"/>
  <system-out>
    <![CDATA[New Test Startedalert]]>
  </system-out>
  <testcase classname="testcases.alerts_frame_windowns" name="alert" time="2.833">
    <skipped/>
  </testcase> <!-- alert -->
  <system-out>
    <![CDATA[New Test Startedalert]]>
  </system-out>
  <testcase classname="testcases.alerts_frame_windowns" name="frames" time="6.665"/>
  <system-out>
    <![CDATA[New Test Startedframes]]>
  </system-out>
  <testcase classname="testcases.alerts_frame_windowns" name="nested_frames" time="3.471"/>
  <system-out>
    <![CDATA[New Test Startednested_frames]]>
  </system-out>
  <testcase classname="testcases.alerts_frame_windowns" name="windowhandling" time="1.121"/>
  <system-out>
    <![CDATA[New Test Startedwindowhandling]]>
  </system-out>
  <testcase classname="testcases.alerts_frame_windowns" name="slider" time="4.004"/>
  <system-out>
    <![CDATA[New Test Startedslider]]>
  </system-out>
</testsuite> <!-- testcases.alerts_frame_windowns -->
