<?xml version="1.0" encoding="UTF-8"?>
<!-- Generated by org.testng.reporters.JUnitReportReporter -->
<testsuite hostname="DTBLR01LP207" failures="0" tests="5" name="testcases.Toolsqa_elements" time="6.502" errors="0" timestamp="2023-09-05T10:50:22 IST" skipped="0">
  <testcase classname="testcases.Toolsqa_elements" name="textbox" time="3.386"/>
  <system-out>
    <![CDATA[New Test Startedtextbox]]>
  </system-out>
  <testcase classname="testcases.Toolsqa_elements" name="checkbox" time="0.769"/>
  <system-out>
    <![CDATA[New Test Startedcheckbox]]>
  </system-out>
  <testcase classname="testcases.Toolsqa_elements" name="radiobutton" time="0.388"/>
  <system-out>
    <![CDATA[New Test Startedradiobutton]]>
  </system-out>
  <testcase classname="testcases.Toolsqa_elements" name="webtables" time="1.180"/>
  <system-out>
    <![CDATA[New Test Startedwebtables]]>
  </system-out>
  <testcase classname="testcases.Toolsqa_elements" name="buttons" time="0.779"/>
  <system-out>
    <![CDATA[New Test Startedbuttons]]>
  </system-out>
</testsuite> <!-- testcases.Toolsqa_elements -->
